============================================================
Step 5b — Distillation Value Experiment
Teacher Labels vs GT Labels — which trains better?
============================================================
  Device : cuda
  Labels : /parallel_scratch/sl02092/standard_project/InternV3_GDino_Hybrid_Attempt_002/labels_hybrid_targeted.jsonl
  Model  : vit_tiny_patch16_224

  Loaded 18298 valid on-screen records (skipped 4798 off-screen, 0 missing-field rows)
  Label sources : {'teacher': 12899, 'teacher_hybrid': 5029, 'gt_fallback': 370}
  Gaze types    : {'social': 12899, 'object': 5399}

  Train : 12949 records
  Val   : 5349 records

  Initialising model architecture...
    Parameters: 5.7M

  Label noise (teacher vs GT distance):
    Mean : 0.1975
    Max  : 0.9515
    Min  : 0.0000
    Within 0.10 (px ~144): 8788/18298 (48%)

  Training on TEACHER labels...
    Parameters: 5.7M
    [teacher] Epoch 01  loss=0.0182  val_ADE=0.2608  val_ADE_px=269.6px <- best
    [teacher] Epoch 02  loss=0.0172  val_ADE=0.2574  val_ADE_px=267.0px <- best
    [teacher] Epoch 03  loss=0.0165  val_ADE=0.2670  val_ADE_px=274.2px (no improve 1/6)
    [teacher] Epoch 04  loss=0.0157  val_ADE=0.2668  val_ADE_px=276.2px (no improve 2/6)
    [teacher] Epoch 05  loss=0.0145  val_ADE=0.2592  val_ADE_px=266.2px (no improve 3/6)
    [teacher] Epoch 06  loss=0.0131  val_ADE=0.2549  val_ADE_px=263.3px <- best
    [teacher] Epoch 07  loss=0.0118  val_ADE=0.2673  val_ADE_px=280.8px (no improve 1/6)
    [teacher] Epoch 08  loss=0.0107  val_ADE=0.2619  val_ADE_px=273.3px (no improve 2/6)
    [teacher] Epoch 09  loss=0.0096  val_ADE=0.2641  val_ADE_px=272.8px (no improve 3/6)
    [teacher] Epoch 10  loss=0.0086  val_ADE=0.2626  val_ADE_px=269.8px (no improve 4/6)
    [teacher] Epoch 11  loss=0.0076  val_ADE=0.2657  val_ADE_px=275.3px (no improve 5/6)
    [teacher] Epoch 12  loss=0.0067  val_ADE=0.2667  val_ADE_px=279.3px (no improve 6/6)
    Early stopping at epoch 12.
    [teacher] Best epoch 6 breakdown by gaze_type:
      social     n=3552   ADE=0.2101
      object     n=1797   ADE=0.3434

  Training on GT labels...
    Parameters: 5.7M
    [gt     ] Epoch 01  loss=0.0180  val_ADE=0.2616  val_ADE_px=270.1px <- best
    [gt     ] Epoch 02  loss=0.0177  val_ADE=0.2613  val_ADE_px=268.5px <- best
    [gt     ] Epoch 03  loss=0.0175  val_ADE=0.2580  val_ADE_px=266.2px <- best
    [gt     ] Epoch 04  loss=0.0167  val_ADE=0.2592  val_ADE_px=267.5px (no improve 1/6)
    [gt     ] Epoch 05  loss=0.0159  val_ADE=0.2610  val_ADE_px=268.9px (no improve 2/6)
    [gt     ] Epoch 06  loss=0.0153  val_ADE=0.2586  val_ADE_px=267.6px (no improve 3/6)
    [gt     ] Epoch 07  loss=0.0148  val_ADE=0.2591  val_ADE_px=268.1px (no improve 4/6)
    [gt     ] Epoch 08  loss=0.0143  val_ADE=0.2640  val_ADE_px=271.4px (no improve 5/6)
